CREATE DATABASE
CREATE FUNCTION
CREATE FUNCTION
CREATE FUNCTION
CREATE TABLE
INSERT 0 1
INSERT 0 1
INSERT 0 1
INSERT 0 1
INSERT 0 1
INSERT 0 1
INSERT 0 1
INSERT 0 1
 doc |   words   
-----+-----------
   1 | {A,B,C}
   2 | {B,C,D}
   3 | {A,E}
   4 | {B,B,A,D}
   5 | {E,F}
   6 | {A,D,G}
   7 | {C,B,A}
   8 | {B,A}
(8 rows)

CREATE TABLE
INSERT 0 22
 doc | words 
-----+-------
   1 | A
   1 | B
   1 | C
   2 | B
   2 | C
   2 | D
   3 | A
   3 | E
   4 | B
   4 | B
   4 | A
   4 | D
   5 | E
   5 | F
   6 | A
   6 | D
   6 | G
   7 | C
   7 | B
   7 | A
   8 | B
   8 | A
(22 rows)

CREATE TABLE
CREATE FUNCTION
CREATE FUNCTION
1-frequent sets
  words  
---------
 {}
 {A}
 {B}
 {C}
 {D}
 {E}
 {F}
 {G}
 {B,D}
 {E,F}
 {A,G}
 {C,D}
 {A,E}
 {A,B}
 {D,G}
 {A,C}
 {B,C}
 {A,D}
 {A,D,G}
 {A,B,C}
 {A,B,D}
 {B,C,D}
(22 rows)

2-frequent sets
  words  
---------
 {}
 {A}
 {B}
 {C}
 {D}
 {E}
 {B,D}
 {A,B}
 {A,C}
 {B,C}
 {A,D}
 {A,B,C}
(12 rows)

3-frequent sets
 words 
-------
 {}
 {A}
 {B}
 {C}
 {D}
 {A,B}
 {B,C}
(7 rows)

4-frequent sets
 words 
-------
 {}
 {A}
 {B}
 {A,B}
(4 rows)

5-frequent sets
 words 
-------
 {}
 {A}
 {B}
(3 rows)

6-frequent sets
 words 
-------
 {}
 {A}
 {B}
(3 rows)

DROP DATABASE
