CREATE DATABASE
CREATE TABLE
INSERT 0 7
CREATE TABLE
CREATE TABLE
CREATE FUNCTION
CREATE FUNCTION
CREATE FUNCTION
CREATE FUNCTION
CREATE FUNCTION
CREATE FUNCTION
CREATE FUNCTION
calling INSERT() function on each element of data using a cursor to populate heapData
 index | value 
-------+-------
     1 |     8
     2 |     7
     3 |     6
     4 |     1
     5 |     3
     6 |     2
     7 |     3
(7 rows)

calling HEAPSORT() function to sort data

internally uses EXTRACTMAX() to extract the max element and the insert into sortedData relation as required
 index | value 
-------+-------
     1 |     1
     2 |     2
     3 |     3
     4 |     3
     5 |     6
     6 |     7
     7 |     8
(7 rows)

DROP DATABASE
